c:\users\hemel\documents\programming\hackathons\hackthenorth2019\github\htn2019-ubigame\ubigame\x64\debug\vc142.pdb
c:\users\hemel\documents\programming\hackathons\hackthenorth2019\github\htn2019-ubigame\ubigame\x64\debug\vc142.idb
c:\users\hemel\documents\programming\hackathons\hackthenorth2019\github\htn2019-ubigame\ubigame\x64\debug\spriterendercomponent.obj
c:\users\hemel\documents\programming\hackathons\hackthenorth2019\github\htn2019-ubigame\ubigame\x64\debug\texturemanager.obj
c:\users\hemel\documents\programming\hackathons\hackthenorth2019\github\htn2019-ubigame\ubigame\x64\debug\gameenginemain.obj
c:\users\hemel\documents\programming\hackathons\hackthenorth2019\github\htn2019-ubigame\ubigame\x64\debug\entity.obj
c:\users\hemel\documents\programming\hackathons\hackthenorth2019\github\htn2019-ubigame\ubigame\x64\debug\main.obj
c:\users\hemel\documents\programming\hackathons\hackthenorth2019\github\htn2019-ubigame\ubigame\x64\debug\component.obj
c:\users\hemel\documents\programming\hackathons\hackthenorth2019\github\htn2019-ubigame\ubigame\x64\debug\rendercomponent.obj
c:\users\hemel\documents\programming\hackathons\hackthenorth2019\github\htn2019-ubigame\ubigame\x64\debug\gameboard.obj
c:\users\hemel\documents\programming\hackathons\hackthenorth2019\github\htn2019-ubigame\ubigame\x64\debug\playermovementcomponent.obj
c:\users\hemel\documents\programming\hackathons\hackthenorth2019\github\htn2019-ubigame\ubigame\x64\debug\soundmanager.obj
c:\users\hemel\documents\programming\hackathons\hackthenorth2019\github\htn2019-ubigame\ubigame\x64\debug\collisionmanager.obj
c:\users\hemel\documents\programming\hackathons\hackthenorth2019\github\htn2019-ubigame\ubigame\x64\debug\collidablecomponent.obj
c:\users\hemel\documents\programming\hackathons\hackthenorth2019\github\htn2019-ubigame\ubigame\x64\debug\collidablephysicscomponent.obj
c:\users\hemel\documents\programming\hackathons\hackthenorth2019\github\htn2019-ubigame\ubigame\x64\debug\animationcomponent.obj
c:\users\hemel\documents\programming\hackathons\hackthenorth2019\github\htn2019-ubigame\ubigame\x64\debug\animationmanager.obj
c:\users\hemel\documents\programming\hackathons\hackthenorth2019\github\htn2019-ubigame\ubigame\x64\debug\soundcomponent.obj
c:\users\hemel\documents\programming\hackathons\hackthenorth2019\github\htn2019-ubigame\ubigame\x64\debug\particleemittercomponent.obj
c:\users\hemel\documents\programming\hackathons\hackthenorth2019\github\htn2019-ubigame\ubigame\x64\debug\particlecomponent.obj
c:\users\hemel\documents\programming\hackathons\hackthenorth2019\github\htn2019-ubigame\ubigame\x64\debug\cameramanager.obj
c:\users\hemel\documents\programming\hackathons\hackthenorth2019\github\htn2019-ubigame\x64\debug\ubigame.exe
c:\users\hemel\documents\programming\hackathons\hackthenorth2019\github\htn2019-ubigame\x64\debug\ubigame.ilk
c:\users\hemel\documents\programming\hackathons\hackthenorth2019\github\htn2019-ubigame\x64\debug\ubigame.pdb
c:\users\hemel\documents\programming\hackathons\hackthenorth2019\github\htn2019-ubigame\ubigame\x64\debug\ubigame.tlog\cl.command.1.tlog
c:\users\hemel\documents\programming\hackathons\hackthenorth2019\github\htn2019-ubigame\ubigame\x64\debug\ubigame.tlog\cl.read.1.tlog
c:\users\hemel\documents\programming\hackathons\hackthenorth2019\github\htn2019-ubigame\ubigame\x64\debug\ubigame.tlog\cl.write.1.tlog
c:\users\hemel\documents\programming\hackathons\hackthenorth2019\github\htn2019-ubigame\ubigame\x64\debug\ubigame.tlog\link.command.1.tlog
c:\users\hemel\documents\programming\hackathons\hackthenorth2019\github\htn2019-ubigame\ubigame\x64\debug\ubigame.tlog\link.read.1.tlog
c:\users\hemel\documents\programming\hackathons\hackthenorth2019\github\htn2019-ubigame\ubigame\x64\debug\ubigame.tlog\link.write.1.tlog
